

================================================================
== Vitis HLS Report for 'home_alarm'
================================================================
* Date:           Tue Feb  8 19:19:09 2022

* Version:        2020.2 (Build 3064766 on Wed Nov 18 09:12:45 MST 2020)
* Project:        HomeAlarm
* Solution:       solution1 (Vivado IP Flow Target)
* Product family: artix7
* Target device:  xc7a100t-csg324-1


================================================================
== Performance Estimates
================================================================
+ Timing: 
    * Summary: 
    +--------+----------+----------+------------+
    |  Clock |  Target  | Estimated| Uncertainty|
    +--------+----------+----------+------------+
    |ap_clk  |  10.00 ns|  5.226 ns|     2.70 ns|
    +--------+----------+----------+------------+

+ Latency: 
    * Summary: 
    +---------+---------+----------+----------+-----+-----+---------+
    |  Latency (cycles) |  Latency (absolute) |  Interval | Pipeline|
    |   min   |   max   |    min   |    max   | min | max |   Type  |
    +---------+---------+----------+----------+-----+-----+---------+
    |        0|        0|      0 ns|      0 ns|    1|    1|     none|
    +---------+---------+----------+----------+-----+-----+---------+

    + Detail: 
        * Instance: 
        N/A

        * Loop: 
        N/A



================================================================
== Utilization Estimates
================================================================
* Summary: 
+-----------------+---------+-----+--------+-------+-----+
|       Name      | BRAM_18K| DSP |   FF   |  LUT  | URAM|
+-----------------+---------+-----+--------+-------+-----+
|DSP              |        -|    -|       -|      -|    -|
|Expression       |        -|    -|       0|    142|    -|
|FIFO             |        -|    -|       -|      -|    -|
|Instance         |        -|    -|       -|      -|    -|
|Memory           |        -|    -|       -|      -|    -|
|Multiplexer      |        -|    -|       -|      -|    -|
|Register         |        -|    -|       -|      -|    -|
+-----------------+---------+-----+--------+-------+-----+
|Total            |        0|    0|       0|    142|    0|
+-----------------+---------+-----+--------+-------+-----+
|Available        |      270|  240|  126800|  63400|    0|
+-----------------+---------+-----+--------+-------+-----+
|Utilization (%)  |        0|    0|       0|     ~0|    0|
+-----------------+---------+-----+--------+-------+-----+

+ Detail: 
    * Instance: 
    N/A

    * DSP: 
    N/A

    * Memory: 
    N/A

    * FIFO: 
    N/A

    * Expression: 
    +---------------------------+----------+----+---+----+------------+------------+
    |       Variable Name       | Operation| DSP| FF| LUT| Bitwidth P0| Bitwidth P1|
    +---------------------------+----------+----+---+----+------------+------------+
    |and_ln819_1_fu_230_p2      |       and|   0|  0|   2|           1|           1|
    |and_ln819_fu_224_p2        |       and|   0|  0|   2|           1|           1|
    |and_ln874_1_fu_314_p2      |       and|   0|  0|   2|           1|           1|
    |and_ln874_2_fu_320_p2      |       and|   0|  0|   2|           1|           1|
    |and_ln874_3_fu_334_p2      |       and|   0|  0|   2|           1|           1|
    |and_ln874_4_fu_340_p2      |       and|   0|  0|   2|           1|           1|
    |and_ln874_fu_190_p2        |       and|   0|  0|   2|           1|           1|
    |sel_tmp39_fu_308_p2        |       and|   0|  0|   2|           1|           1|
    |tmp79_fu_302_p2            |       and|   0|  0|   2|           1|           1|
    |icmp_ln870_fu_122_p2       |      icmp|   0|  0|   9|           4|           4|
    |icmp_ln874_1_fu_134_p2     |      icmp|   0|  0|   8|           2|           1|
    |icmp_ln874_fu_128_p2       |      icmp|   0|  0|   8|           3|           1|
    |or_ln819_fu_204_p2         |        or|   0|  0|   2|           1|           1|
    |select_ln20_1_fu_176_p3    |    select|   0|  0|   3|           1|           3|
    |select_ln20_fu_168_p3      |    select|   0|  0|   8|           1|           8|
    |select_ln29_1_fu_294_p3    |    select|   0|  0|   3|           1|           3|
    |select_ln29_fu_286_p3      |    select|   0|  0|   8|           1|           8|
    |select_ln819_1_fu_236_p3   |    select|   0|  0|   8|           1|           8|
    |select_ln819_2_fu_252_p3   |    select|   0|  0|   3|           1|           2|
    |select_ln819_3_fu_260_p3   |    select|   0|  0|   2|           1|           2|
    |select_ln819_fu_210_p3     |    select|   0|  0|   8|           1|           8|
    |select_ln874_1_fu_244_p3   |    select|   0|  0|   3|           1|           1|
    |select_ln874_2_fu_326_p3   |    select|   0|  0|   8|           1|           8|
    |select_ln874_3_fu_346_p3   |    select|   0|  0|   8|           1|           8|
    |select_ln874_4_fu_363_p3   |    select|   0|  0|   3|           1|           1|
    |select_ln874_5_fu_371_p3   |    select|   0|  0|   3|           1|           3|
    |select_ln874_fu_196_p3     |    select|   0|  0|   8|           1|           8|
    |sg_data                    |    select|   0|  0|   8|           1|           8|
    |sg_enable_new_1_fu_379_p3  |    select|   0|  0|   3|           1|           3|
    |p_Result_1_fu_154_p2       |       xor|   0|  0|   2|           1|           2|
    |p_Result_3_fu_272_p2       |       xor|   0|  0|   2|           1|           2|
    |p_Result_s_fu_140_p2       |       xor|   0|  0|   2|           1|           2|
    |xor_ln874_1_fu_218_p2      |       xor|   0|  0|   2|           1|           2|
    |xor_ln874_fu_184_p2        |       xor|   0|  0|   2|           1|           2|
    +---------------------------+----------+----+---+----+------------+------------+
    |Total                      |          |   0|  0| 142|          40|         108|
    +---------------------------+----------+----+---+----+------------+------------+

    * Multiplexer: 
    N/A

    * Register: 
    N/A



================================================================
== Interface
================================================================
* Summary: 
+------------------+-----+-----+------------+--------------+--------------+
|     RTL Ports    | Dir | Bits|  Protocol  | Source Object|    C Type    |
+------------------+-----+-----+------------+--------------+--------------+
|ap_start          |   in|    1|  ap_ctrl_hs|    home_alarm|  return value|
|ap_done           |  out|    1|  ap_ctrl_hs|    home_alarm|  return value|
|ap_idle           |  out|    1|  ap_ctrl_hs|    home_alarm|  return value|
|ap_ready          |  out|    1|  ap_ctrl_hs|    home_alarm|  return value|
|switches          |   in|   16|     ap_none|      switches|        scalar|
|sg_data           |  out|    8|      ap_vld|       sg_data|       pointer|
|sg_data_ap_vld    |  out|    1|      ap_vld|       sg_data|       pointer|
|sg_enable         |  out|    4|      ap_vld|     sg_enable|       pointer|
|sg_enable_ap_vld  |  out|    1|      ap_vld|     sg_enable|       pointer|
+------------------+-----+-----+------------+--------------+--------------+

